06/16/2022 22:54:31 INICIANDO...
06/16/2022 22:54:31 2.8.3.2
06/16/2022 22:54:31 Usuário: marco(Administrador)
06/16/2022 22:54:31 Versão do Sistema Operacional: 6.2.9200
06/16/2022 22:54:31 64 Bits: true
06/16/2022 22:54:31 Versão do Firefox.  ( 0.7 )
06/16/2022 22:54:31 UAC: Ativado
06/16/2022 22:54:31 Verificando se Firefox está instalado...
06/16/2022 22:54:31 Firefox não instalado.
06/16/2022 22:54:31 [Verificando Ambiente] Verificando...
06/16/2022 22:54:31 [Verificando Ambiente] Ativando Transport Layer Security (TLS)
06/16/2022 22:54:31 [Verificando Ambiente] Ok.
06/16/2022 22:54:31 [Arquivo hosts] Verificando...
06/16/2022 22:54:31 [Arquivo hosts] Ok.
06/16/2022 22:54:31 [Instalação de certificados raiz] Verificando...
06/16/2022 22:54:31 [Instalação de certificados raiz] Efetuando download do instalador...
06/16/2022 22:54:40 [Instalação de certificados raiz] Instalando...
06/16/2022 22:54:40 [Instalação de certificados raiz] Ok.
06/16/2022 22:54:40 [Terminal Services] Verificando...
06/16/2022 22:54:40 [Terminal Services] Ok.
06/16/2022 22:54:40 [Limpeza do cache IE] Verificando...
06/16/2022 22:54:40 [Limpeza do cache IE] Limpando...
06/16/2022 22:54:40 [Limpeza do cache IE] Ok.
06/16/2022 22:54:40 [Instalando Módulo de Segurança] Verificando...
06/16/2022 22:54:40 [Instalando Módulo de Segurança] Efetuando download do instalador...
06/16/2022 22:54:53 [Instalando Módulo de Segurança] Instalando...
06/16/2022 22:55:16 [Instalando Módulo de Segurança] Ok.
06/16/2022 22:55:16 [Configurações do Módulo de Segurança] Verificando...
06/16/2022 22:55:16 [Configurações do Módulo de Segurança] Ok.
06/16/2022 22:55:16 [Instalando configurações da CAIXA] Verificando...
06/16/2022 22:55:29 [Instalando configurações da CAIXA] Ok.
06/16/2022 22:55:29 [Ajustando ambiente] Verificando...
06/16/2022 22:55:29 [Ajustando ambiente] Ok.
06/16/2022 22:55:29 [Atualizando listas] Verificando...
06/16/2022 22:55:29 [Atualizando listas] Ok.
06/16/2022 22:55:29 [Concluindo execucao] Verificando...
06/16/2022 22:55:31 [Concluindo execucao] CONCLUÍDO.
06/16/2022 22:55:31 CONCLUÍDO.
